<?xml version="1.0" encoding="UTF-8"?>
<!-- Generated by org.testng.reporters.JUnitXMLReporter -->
<testsuite ignored="1" hostname="DESKTOP-KA0ANHQ" failures="0" tests="2" name="OrangeHRMTest1" time="58.409" errors="0" timestamp="2026-01-20T00:06:00 IST">
  <testcase classname="com.orangeHRM.test.DummyClass" name="dummyTest" time="0.087"/>
  <testcase classname="com.orangeHRM.test.DummyClass2" name="dummyTest" time="0.032"/>
  <testcase classname="com.orangeHRM.base.BaseClass" name="@BeforeSuite loadConfig" time="0.0">
    <ignored/>
  </testcase> <!-- @BeforeSuite loadConfig -->
</testsuite> <!-- OrangeHRMTest1 -->
