<?xml version="1.0" encoding="UTF-8"?>
<!-- Generated by org.testng.reporters.JUnitXMLReporter -->
<testsuite ignored="2" hostname="DESKTOP-KA0ANHQ" failures="0" tests="3" name="OrangeHRMTest" time="103.862" errors="0" timestamp="2026-01-27T15:24:29 IST">
  <testcase classname="com.orangeHRM.test.DummyClass" name="dummyTest" time="0.057"/>
  <testcase classname="com.orangeHRM.test.DummyClass2" name="dummyTest" time="0.027"/>
  <testcase classname="com.orangeHRM.test.LoginPageTest" name="verifyValidLoginTest" time="21.184"/>
  <testcase classname="com.orangeHRM.base.BaseClass" name="@BeforeSuite loadConfig" time="0.0">
    <ignored/>
  </testcase> <!-- @BeforeSuite loadConfig -->
  <testcase classname="com.orangeHRM.base.BaseClass" name="@BeforeSuite loadConfig" time="0.0">
    <ignored/>
  </testcase> <!-- @BeforeSuite loadConfig -->
</testsuite> <!-- OrangeHRMTest -->
