<?xml version="1.0" encoding="UTF-8"?>
<testng-results ignored="0" total="1" passed="1" failed="0" skipped="0">
  <reporter-output>
  </reporter-output>
  <suite started-at="2026-01-27T15:30:35 IST" name="Default suite" finished-at="2026-01-27T15:31:39 IST" duration-ms="63805">
    <groups>
    </groups>
    <test started-at="2026-01-27T15:30:35 IST" name="Default test" finished-at="2026-01-27T15:31:39 IST" duration-ms="63805">
      <class name="com.orangeHRM.test.LoginPageTest">
        <test-method is-config="true" signature="loadConfig()[pri:0, instance:com.orangeHRM.test.LoginPageTest@6f1c29b7]" started-at="2026-01-27T15:30:35 IST" name="loadConfig" finished-at="2026-01-27T15:30:35 IST" duration-ms="38" status="PASS">
          <reporter-output>
          </reporter-output>
        </test-method> <!-- loadConfig -->
        <test-method is-config="true" signature="setup()[pri:0, instance:com.orangeHRM.test.LoginPageTest@6f1c29b7]" started-at="2026-01-27T15:30:35 IST" name="setup" finished-at="2026-01-27T15:31:07 IST" duration-ms="31652" status="PASS">
          <reporter-output>
          </reporter-output>
        </test-method> <!-- setup -->
        <test-method is-config="true" signature="setupPages()[pri:0, instance:com.orangeHRM.test.LoginPageTest@6f1c29b7]" started-at="2026-01-27T15:31:07 IST" name="setupPages" finished-at="2026-01-27T15:31:07 IST" duration-ms="7" status="PASS">
          <reporter-output>
          </reporter-output>
        </test-method> <!-- setupPages -->
        <test-method signature="verifyValidLoginTest()[pri:0, instance:com.orangeHRM.test.LoginPageTest@6f1c29b7]" started-at="2026-01-27T15:31:07 IST" name="verifyValidLoginTest" finished-at="2026-01-27T15:31:38 IST" duration-ms="31680" status="PASS">
          <reporter-output>
          </reporter-output>
        </test-method> <!-- verifyValidLoginTest -->
        <test-method is-config="true" signature="tearDown()[pri:0, instance:com.orangeHRM.test.LoginPageTest@6f1c29b7]" started-at="2026-01-27T15:31:38 IST" name="tearDown" finished-at="2026-01-27T15:31:39 IST" duration-ms="361" status="PASS">
          <reporter-output>
          </reporter-output>
        </test-method> <!-- tearDown -->
      </class> <!-- com.orangeHRM.test.LoginPageTest -->
    </test> <!-- Default test -->
  </suite> <!-- Default suite -->
</testng-results>
